19.11.2022 22:11:46	функция: seq	аргумент: 6	результат: [1, 2, 9, 64, 625, 7776]
19.11.2022 22:11:46	функция: seq	аргумент: 3	результат: [1, 2, 9]
19.11.2022 22:11:46	функция: seq	аргумент: 10	результат: [1, 2, 9, 64, 625, 7776, 117649, 2097152, 43046721, 1000000000]
19.11.2022 22:12:20	функция: seq	аргумент: 5	результат: [1, 2, 9, 64, 625]
19.11.2022 22:12:20	функция: seq	аргумент: 3	результат: [1, 2, 9]
19.11.2022 22:12:20	функция: seq	аргумент: 7	результат: [1, 2, 9, 64, 625, 7776, 117649]
19.11.2022 22:12:31	функция: seq	аргумент: 5	результат: [1, 2, 9, 64, 625]
19.11.2022 22:12:31	функция: seq	аргумент: 3	результат: [1, 2, 9]
19.11.2022 22:12:31	функция: seq	аргумент: 12	результат: [1, 2, 9, 64, 625, 7776, 117649, 2097152, 43046721, 1000000000, 25937424601, 743008370688]
19.11.2022 22:13:05	функция: seq	аргумент: 12	результат: [1, 2, 9, 64, 625, 7776, 117649, 2097152, 43046721, 1000000000, 25937424601, 743008370688]
19.11.2022 22:13:05	функция: seq	аргумент: 4	результат: [1, 2, 9, 64]
19.11.2022 22:13:05	функция: seq	аргумент: 9	результат: [1, 2, 9, 64, 625, 7776, 117649, 2097152, 43046721]
19.11.2022 22:15:07	функция: seq	аргумент: 12	результат: [1, 2, 9, 64, 625, 7776, 117649, 2097152, 43046721, 1000000000, 25937424601, 743008370688]
19.11.2022 22:15:07	функция: seq	аргумент: 4	результат: [1, 2, 9, 64]
19.11.2022 22:15:07	функция: seq	аргумент: 9	результат: [1, 2, 9, 64, 625, 7776, 117649, 2097152, 43046721]
19.11.2022 22:15:08	функция: seq	аргумент: 12	результат: [1, 2, 9, 64, 625, 7776, 117649, 2097152, 43046721, 1000000000, 25937424601, 743008370688]
19.11.2022 22:15:08	функция: seq	аргумент: 4	результат: [1, 2, 9, 64]
19.11.2022 22:15:08	функция: seq	аргумент: 9	результат: [1, 2, 9, 64, 625, 7776, 117649, 2097152, 43046721]
19.11.2022 22:15:11	функция: seq	аргумент: 12	результат: [1, 2, 9, 64, 625, 7776, 117649, 2097152, 43046721, 1000000000, 25937424601, 743008370688]
19.11.2022 22:15:11	функция: seq	аргумент: 4	результат: [1, 2, 9, 64]
19.11.2022 22:15:11	функция: seq	аргумент: 9	результат: [1, 2, 9, 64, 625, 7776, 117649, 2097152, 43046721]
19.11.2022 22:15:16	функция: seq	аргумент: 12	результат: [1, 2, 9, 64, 625, 7776, 117649, 2097152, 43046721, 1000000000, 25937424601, 743008370688]
19.11.2022 22:15:16	функция: seq	аргумент: 4	результат: [1, 2, 9, 64]
19.11.2022 22:15:16	функция: seq	аргумент: 9	результат: [1, 2, 9, 64, 625, 7776, 117649, 2097152, 43046721]
19.11.2022 22:16:03	функция: seq	аргумент: 12	результат: [1, 2, 9, 64, 625, 7776, 117649, 2097152, 43046721, 1000000000, 25937424601, 743008370688]
19.11.2022 22:16:03	функция: seq	аргумент: 4	результат: [1, 2, 9, 64]
19.11.2022 22:16:03	функция: seq	аргумент: 9	результат: [1, 2, 9, 64, 625, 7776, 117649, 2097152, 43046721]
19.11.2022 22:16:39	функция: seq	аргумент: 12	результат: [1, 2, 9, 64, 625, 7776, 117649, 2097152, 43046721, 1000000000, 25937424601, 743008370688]
19.11.2022 22:16:39	функция: seq	аргумент: 4	результат: [1, 2, 9, 64]
19.11.2022 22:16:39	функция: seq	аргумент: 9	результат: [1, 2, 9, 64, 625, 7776, 117649, 2097152, 43046721]
19.11.2022 22:17:46	функция: seq	аргумент: 5	результат: [1, 2, 9, 64, 625]
19.11.2022 22:17:46	функция: seq	аргумент: 4	результат: [1, 2, 9, 64]
19.11.2022 22:17:46	функция: seq	аргумент: 9	результат: [1, 2, 9, 64, 625, 7776, 117649, 2097152, 43046721]
19.11.2022 22:21:01	функция: seq	аргумент: 5	результат: [1, 2, 9, 64, 625]
19.11.2022 22:21:01	функция: seq	аргумент: 4	результат: [1, 2, 9, 64]
19.11.2022 22:21:01	функция: seq	аргумент: 9	результат: [1, 2, 9, 64, 625, 7776, 117649, 2097152, 43046721]
19.11.2022 22:25:23	функция: seq	аргумент: 5	результат: [1, 2, 9, 64, 625]
19.11.2022 22:25:23	функция: seq	аргумент: 4	результат: [1, 2, 9, 64]
19.11.2022 22:25:23	функция: seq	аргумент: 9	результат: [1, 2, 9, 64, 625, 7776, 117649, 2097152, 43046721]
19.11.2022 22:25:27	функция: seq	аргумент: 5	результат: [1, 2, 9, 64, 625]
19.11.2022 22:25:27	функция: seq	аргумент: 4	результат: [1, 2, 9, 64]
19.11.2022 22:25:27	функция: seq	аргумент: 9	результат: [1, 2, 9, 64, 625, 7776, 117649, 2097152, 43046721]
